Jan-22 19:40:03.890 [main] DEBUG nextflow.cli.Launcher - $> nextflow run merge_bed_files.nf --bedFiles './example/input/seq1.bed ./example/input/seq2.bed ./example/input/seq3.bed' --outputName ./example/output/merged
Jan-22 19:40:03.999 [main] INFO  nextflow.cli.CmdRun - N E X T F L O W  ~  version 23.10.1
Jan-22 19:40:04.029 [main] DEBUG nextflow.plugin.PluginsFacade - Setting up plugin manager > mode=prod; embedded=false; plugins-dir=/home/toozig/.nextflow/plugins; core-plugins: nf-amazon@2.1.4,nf-azure@1.3.3,nf-cloudcache@0.3.0,nf-codecommit@0.1.5,nf-console@1.0.6,nf-ga4gh@1.1.0,nf-google@1.8.3,nf-tower@1.6.3,nf-wave@1.0.1
Jan-22 19:40:04.044 [main] INFO  o.pf4j.DefaultPluginStatusProvider - Enabled plugins: []
Jan-22 19:40:04.044 [main] INFO  o.pf4j.DefaultPluginStatusProvider - Disabled plugins: []
Jan-22 19:40:04.049 [main] INFO  org.pf4j.DefaultPluginManager - PF4J version 3.4.1 in 'deployment' mode
Jan-22 19:40:04.065 [main] INFO  org.pf4j.AbstractPluginManager - No plugins
Jan-22 19:40:04.158 [main] DEBUG nextflow.cli.CmdRun - Applied DSL=2 from script declararion
Jan-22 19:40:04.177 [main] INFO  nextflow.cli.CmdRun - Launching `merge_bed_files.nf` [special_hawking] DSL2 - revision: bbea5314f0
Jan-22 19:40:04.179 [main] DEBUG nextflow.plugin.PluginsFacade - Plugins default=[]
Jan-22 19:40:04.179 [main] DEBUG nextflow.plugin.PluginsFacade - Plugins resolved requirement=[]
Jan-22 19:40:04.190 [main] DEBUG n.secret.LocalSecretsProvider - Secrets store: /home/toozig/.nextflow/secrets/store.json
Jan-22 19:40:04.197 [main] DEBUG nextflow.secret.SecretsLoader - Discovered secrets providers: [nextflow.secret.LocalSecretsProvider@1c025cb] - activable => nextflow.secret.LocalSecretsProvider@1c025cb
Jan-22 19:40:04.281 [main] DEBUG nextflow.Session - Session UUID: f1806a8e-ed27-481f-bb1a-79e2a926ee09
Jan-22 19:40:04.282 [main] DEBUG nextflow.Session - Run name: special_hawking
Jan-22 19:40:04.285 [main] DEBUG nextflow.Session - Executor pool size: 12
Jan-22 19:40:04.294 [main] DEBUG nextflow.file.FilePorter - File porter settings maxRetries=3; maxTransfers=50; pollTimeout=null
Jan-22 19:40:04.303 [main] DEBUG nextflow.util.ThreadPoolBuilder - Creating thread pool 'FileTransfer' minSize=10; maxSize=36; workQueue=LinkedBlockingQueue[10000]; allowCoreThreadTimeout=false
Jan-22 19:40:04.336 [main] DEBUG nextflow.cli.CmdRun - 
  Version: 23.10.1 build 5891
  Created: 12-01-2024 22:01 UTC (13-01-2024 00:01 IDT)
  System: Linux 5.15.133.1-microsoft-standard-WSL2
  Runtime: Groovy 3.0.19 on OpenJDK 64-Bit Server VM 17.0.9+9-Ubuntu-122.04
  Encoding: UTF-8 (UTF-8)
  Process: 46679@com212214 [127.0.1.1]
  CPUs: 12 - Mem: 15.5 GB (10 GB) - Swap: 4 GB (4 GB)
Jan-22 19:40:04.364 [main] DEBUG nextflow.Session - Work-dir: /home/toozig/gonen_lab/WGS_code/merge_bed_files/work [ext2/ext3]
Jan-22 19:40:04.406 [main] DEBUG nextflow.executor.ExecutorFactory - Extension executors providers=[]
Jan-22 19:40:04.418 [main] DEBUG nextflow.Session - Observer factory: DefaultObserverFactory
Jan-22 19:40:04.455 [main] DEBUG nextflow.cache.CacheFactory - Using Nextflow cache factory: nextflow.cache.DefaultCacheFactory
Jan-22 19:40:04.471 [main] DEBUG nextflow.util.CustomThreadPool - Creating default thread pool > poolSize: 13; maxThreads: 1000
Jan-22 19:40:04.565 [main] DEBUG nextflow.Session - Session start
Jan-22 19:40:05.212 [main] DEBUG nextflow.script.ScriptRunner - > Launching execution
Jan-22 19:40:05.425 [main] DEBUG nextflow.executor.ExecutorFactory - << taskConfig executor: null
Jan-22 19:40:05.425 [main] DEBUG nextflow.executor.ExecutorFactory - >> processorType: 'local'
Jan-22 19:40:05.436 [main] DEBUG nextflow.executor.Executor - [warm up] executor > local
Jan-22 19:40:05.442 [main] DEBUG n.processor.LocalPollingMonitor - Creating local task monitor for executor 'local' > cpus=12; memory=15.5 GB; capacity=12; pollInterval=100ms; dumpInterval=5m
Jan-22 19:40:05.445 [main] DEBUG n.processor.TaskPollingMonitor - >>> barrier register (monitor: local)
Jan-22 19:40:05.561 [main] DEBUG nextflow.executor.ExecutorFactory - << taskConfig executor: null
Jan-22 19:40:05.562 [main] DEBUG nextflow.executor.ExecutorFactory - >> processorType: 'local'
Jan-22 19:40:05.572 [main] DEBUG nextflow.Session - Workflow process names [dsl2]: mergeBedFiles, bedMergeWorkflow:writeJson, writeJson, bedMergeWorkflow:mergeBedFiles
Jan-22 19:40:05.573 [main] DEBUG nextflow.Session - Igniting dataflow network (5)
Jan-22 19:40:05.582 [main] DEBUG nextflow.processor.TaskProcessor - Starting process > bedMergeWorkflow:mergeBedFiles
Jan-22 19:40:05.585 [main] DEBUG nextflow.processor.TaskProcessor - Starting process > bedMergeWorkflow:writeJson
Jan-22 19:40:05.587 [main] DEBUG nextflow.script.ScriptRunner - Parsed script files:
  Script_270ced3218f4b8c5: /home/toozig/gonen_lab/WGS_code/merge_bed_files/merge_bed_files.nf
Jan-22 19:40:05.588 [main] DEBUG nextflow.script.ScriptRunner - > Awaiting termination 
Jan-22 19:40:05.588 [main] DEBUG nextflow.Session - Session await
Jan-22 19:40:05.882 [Task submitter] DEBUG n.executor.local.LocalTaskHandler - Launch cmd line: /bin/bash -ue .command.run
Jan-22 19:40:05.888 [Task submitter] INFO  nextflow.Session - [f9/b8059a] Submitted process > bedMergeWorkflow:mergeBedFiles (1)
Jan-22 19:40:06.054 [Task monitor] DEBUG n.processor.TaskPollingMonitor - Task completed > TaskHandler[id: 1; name: bedMergeWorkflow:mergeBedFiles (1); status: COMPLETED; exit: 0; error: -; workDir: /home/toozig/gonen_lab/WGS_code/merge_bed_files/work/f9/b8059a62edf181e66db76e0ea10317]
Jan-22 19:40:06.064 [Task monitor] DEBUG nextflow.processor.TaskProcessor - Process `bedMergeWorkflow:mergeBedFiles (1)` is unable to find [UnixPath]: `/home/toozig/gonen_lab/WGS_code/merge_bed_files/work/f9/b8059a62edf181e66db76e0ea10317/./example/output/merged.bed` (pattern: `./example/output/merged.bed`)
Jan-22 19:40:06.073 [Task monitor] DEBUG nextflow.processor.TaskProcessor - Handling unexpected condition for
  task: name=bedMergeWorkflow:mergeBedFiles (1); work-dir=/home/toozig/gonen_lab/WGS_code/merge_bed_files/work/f9/b8059a62edf181e66db76e0ea10317
  error [nextflow.exception.MissingFileException]: Missing output file(s) `./example/output/merged.bed` expected by process `bedMergeWorkflow:mergeBedFiles (1)`
Jan-22 19:40:06.121 [Task monitor] ERROR nextflow.processor.TaskProcessor - Error executing process > 'bedMergeWorkflow:mergeBedFiles (1)'

Caused by:
  Missing output file(s) `./example/output/merged.bed` expected by process `bedMergeWorkflow:mergeBedFiles (1)`

Command executed:

  merge_bed_files.sh seq1.bed seq2.bed seq3.bed ./example/output/merged

Command exit status:
  0

Command output:
  Done!

Command error:
  /home/toozig/gonen_lab/WGS_code/merge_bed_files/bin/merge_bed_files.sh: line 26: ./example/output/merged.log: No such file or directory
  /home/toozig/gonen_lab/WGS_code/merge_bed_files/bin/merge_bed_files.sh: line 44: ./example/output/merged.log: No such file or directory
  /home/toozig/gonen_lab/WGS_code/merge_bed_files/bin/merge_bed_files.sh: line 44: ./example/output/merged.log: No such file or directory
  /home/toozig/gonen_lab/WGS_code/merge_bed_files/bin/merge_bed_files.sh: line 44: ./example/output/merged.log: No such file or directory
  /home/toozig/gonen_lab/WGS_code/merge_bed_files/bin/merge_bed_files.sh: line 53: ./example/output/merged.bed: No such file or directory
  /home/toozig/gonen_lab/WGS_code/merge_bed_files/bin/merge_bed_files.sh: line 55: ./example/output/merged.bed: No such file or directory
  awk: cmd. line:1: fatal: cannot open file `./example/output/merged.bed' for reading: No such file or directory
  awk: cmd. line:1: fatal: cannot open file `./example/output/merged.bed' for reading: No such file or directory
  /home/toozig/gonen_lab/WGS_code/merge_bed_files/bin/merge_bed_files.sh: line 64: ./example/output/merged.log: No such file or directory
  cat: ./example/output/merged.log: No such file or directory

Work dir:
  /home/toozig/gonen_lab/WGS_code/merge_bed_files/work/f9/b8059a62edf181e66db76e0ea10317

Tip: when you have fixed the problem you can continue the execution adding the option `-resume` to the run command line
Jan-22 19:40:06.130 [main] DEBUG nextflow.Session - Session await > all processes finished
Jan-22 19:40:06.133 [Task monitor] DEBUG nextflow.Session - Session aborted -- Cause: Missing output file(s) `./example/output/merged.bed` expected by process `bedMergeWorkflow:mergeBedFiles (1)`
Jan-22 19:40:06.175 [main] DEBUG nextflow.Session - Session await > all barriers passed
Jan-22 19:40:06.176 [Task monitor] DEBUG n.processor.TaskPollingMonitor - <<< barrier arrives (monitor: local) - terminating tasks monitor poll loop
Jan-22 19:40:06.188 [main] DEBUG n.trace.WorkflowStatsObserver - Workflow completed > WorkflowStats[succeededCount=0; failedCount=1; ignoredCount=0; cachedCount=0; pendingCount=0; submittedCount=0; runningCount=0; retriesCount=0; abortedCount=0; succeedDuration=0ms; failedDuration=90ms; cachedDuration=0ms;loadCpus=0; loadMemory=0; peakRunning=1; peakCpus=1; peakMemory=0; ]
Jan-22 19:40:06.345 [main] DEBUG nextflow.cache.CacheDB - Closing CacheDB done
Jan-22 19:40:06.378 [main] DEBUG nextflow.script.ScriptRunner - > Execution complete -- Goodbye
